#
# A fatal error has been detected by the Java Runtime Environment:
#
#  Internal Error (classFileParser.cpp:3494), pid=756, tid=5280
#  Error: ShouldNotReachHere()
#
# JRE version: 6.0_35-b10
# Java VM: Java HotSpot(TM) Client VM (20.10-b01 mixed mode windows-x86 )
# If you would like to submit a bug report, please visit:
#   http://java.sun.com/webapps/bugreport/crash.jsp
#

---------------  T H R E A D  ---------------

Current thread (0x005c9c00):  JavaThread "Unknown thread" [_thread_in_vm, id=5280, stack(0x00200000,0x00250000)]

Stack: [0x00200000,0x00250000],  sp=0x0024f86c,  free space=318k
Native frames: (J=compiled Java code, j=interpreted, Vv=VM code, C=native code)
V  [jvm.dll+0x133d0a]
V  [jvm.dll+0x12e9bb]
V  [jvm.dll+0x1648e]
V  [jvm.dll+0x17ccf]
V  [jvm.dll+0x26d75]
V  [jvm.dll+0x275b6]
V  [jvm.dll+0x27965]
V  [jvm.dll+0x279f9]
V  [jvm.dll+0x27abc]
V  [jvm.dll+0x27b3a]
V  [jvm.dll+0x27c1d]
V  [jvm.dll+0x27ee9]
V  [jvm.dll+0x6c5e3]
V  [jvm.dll+0x6c9bc]
V  [jvm.dll+0xf9f6c]
V  [jvm.dll+0x1188ab]
V  [jvm.dll+0x9ec70]
C  [javaw.exe+0x1657]
C  [javaw.exe+0x1e2c]
C  [javaw.exe+0x8614]
C  [kernel32.dll+0x51154]  BaseThreadInitThunk+0x12
C  [ntdll.dll+0x5b299]  RtlInitializeExceptionChain+0x63
C  [ntdll.dll+0x5b26c]  RtlInitializeExceptionChain+0x36


---------------  P R O C E S S  ---------------

Java Threads: ( => current thread )

Other Threads:

=>0x005c9c00 (exited) JavaThread "Unknown thread" [_thread_in_vm, id=5280, stack(0x00200000,0x00250000)]

VM state:not at safepoint (not fully initialized)

VM Mutex/Monitor currently owned by a thread: None

Dynamic libraries:
0x00400000 - 0x00425000 	D:\Program Files\jreupdate\bin\javaw.exe
0x776d0000 - 0x7780c000 	C:\Windows\SYSTEM32\ntdll.dll
0x76eb0000 - 0x76f84000 	C:\Windows\system32\kernel32.dll
0x75ad0000 - 0x75b1b000 	C:\Windows\system32\KERNELBASE.dll
0x77190000 - 0x77230000 	C:\Windows\system32\ADVAPI32.dll
0x75b50000 - 0x75bfc000 	C:\Windows\system32\msvcrt.dll
0x75b20000 - 0x75b39000 	C:\Windows\SYSTEM32\sechost.dll
0x75c90000 - 0x75d31000 	C:\Windows\system32\RPCRT4.dll
0x77410000 - 0x774d9000 	C:\Windows\system32\USER32.dll
0x773c0000 - 0x7740e000 	C:\Windows\system32\GDI32.dll
0x76250000 - 0x7625a000 	C:\Windows\system32\LPK.dll
0x75d40000 - 0x75ddd000 	C:\Windows\system32\USP10.dll
0x77810000 - 0x7782f000 	C:\Windows\system32\IMM32.DLL
0x77830000 - 0x778fc000 	C:\Windows\system32\MSCTF.dll
0x7c340000 - 0x7c396000 	D:\Program Files\jreupdate\bin\msvcr71.dll
0x6d7f0000 - 0x6da9f000 	D:\Program Files\jreupdate\bin\client\jvm.dll
0x73ca0000 - 0x73cd2000 	C:\Windows\system32\WINMM.dll
0x75750000 - 0x7579b000 	C:\Windows\system32\apphelp.dll
0x6d7a0000 - 0x6d7ac000 	D:\Program Files\jreupdate\bin\verify.dll
0x6d320000 - 0x6d33f000 	D:\Program Files\jreupdate\bin\java.dll
0x6d7e0000 - 0x6d7ef000 	D:\Program Files\jreupdate\bin\zip.dll
0x77230000 - 0x77235000 	C:\Windows\system32\PSAPI.DLL

VM Arguments:
jvm_args: -Dfile.encoding=UTF-8 -Xbootclasspath:D:\Anriod\android-sdk\android-sdk\platforms\android-10\android.jar 
java_command: com.asc.util.RandomUtilTest
Launcher Type: SUN_STANDARD

Environment Variables:
JAVA_HOME=C:\Program Files\NMS\jdk
CLASSPATH=.;C:\Program Files\NMS\jdk\lib\tools.jar;C:\Program Files\NMS\jdk\lib\dt.jar
PATH=C:/Program Files/NMS/jdk/bin/../jre/bin/client;C:/Program Files/NMS/jdk/bin/../jre/bin;C:/Program Files/NMS/jdk/bin/../jre/lib/i386;C:\Program Files\NMS\auteradius\sbin;C:\Program Files\NMS\auteradius\lib;C:\Program Files\NMS\auteradius\bin;C:\Program Files\NMS\jdk\bin;C:\Program Files\NMS\webserver\bin;C:\Windows\system32;C:\Windows;C:\Windows\System32\Wbem;C:\Program Files\NMS\db\bin;D:\Anriod\android-sdk\android-sdk\platform-tools;D:\Anriod\new_eclipse\eclipse-jee-juno-win32-android\eclipse;
USERNAME=Administrator
OS=Windows_NT
PROCESSOR_IDENTIFIER=x86 Family 6 Model 42 Stepping 7, GenuineIntel



---------------  S Y S T E M  ---------------

OS: Windows 7 Build 7600 

CPU:total 2 (2 cores per cpu, 1 threads per core) family 6 model 42 stepping 7, cmov, cx8, fxsr, mmx, sse, sse2, sse3, ssse3, sse4.1, sse4.2, popcnt

Memory: 4k page, physical 1906708k(453308k free), swap 3813416k(1957412k free)

vm_info: Java HotSpot(TM) Client VM (20.10-b01) for windows-x86 JRE (1.6.0_35-b10), built on Aug 28 2012 17:31:51 by "java_re" with MS VC++ 7.1 (VS2003)

time: Thu May 02 15:05:57 2013
elapsed time: 0 seconds

